[2019-07-19 06:58:08] laravel.EMERGENCY: Unable to create configured logger. Using emergency logger. {"exception":"[object] (ErrorException(code: 0): Undefined index: handler at C:\\xampp\\htdocs\\smf_techplatform_php_new\\vendor\\laravel\\framework\\src\\Illuminate\\Log\\LogManager.php:326)
[stacktrace]
#0 C:\\xampp\\htdocs\\smf_techplatform_php_new\\vendor\\laravel\\framework\\src\\Illuminate\\Log\\LogManager.php(326): Illuminate\\Foundation\\Bootstrap\\HandleExceptions->handleError(8, 'Undefined index...', 'C:\\\\xampp\\\\htdocs...', 326, Array)
#1 C:\\xampp\\htdocs\\smf_techplatform_php_new\\vendor\\laravel\\framework\\src\\Illuminate\\Log\\LogManager.php(178): Illuminate\\Log\\LogManager->createMonologDriver(Array)
#2 C:\\xampp\\htdocs\\smf_techplatform_php_new\\vendor\\laravel\\framework\\src\\Illuminate\\Log\\LogManager.php(102): Illuminate\\Log\\LogManager->resolve('monolog')
#3 C:\\xampp\\htdocs\\smf_techplatform_php_new\\vendor\\laravel\\framework\\src\\Illuminate\\Log\\LogManager.php(90): Illuminate\\Log\\LogManager->get('monolog')
#4 C:\\xampp\\htdocs\\smf_techplatform_php_new\\vendor\\laravel\\framework\\src\\Illuminate\\Log\\LogManager.php(498): Illuminate\\Log\\LogManager->driver()
#5 C:\\xampp\\htdocs\\smf_techplatform_php_new\\vendor\\laravel\\framework\\src\\Illuminate\\Foundation\\Exceptions\\Handler.php(114): Illuminate\\Log\\LogManager->error('Undefined index...', Array)
#6 C:\\xampp\\htdocs\\smf_techplatform_php_new\\app\\Exceptions\\Handler.php(37): Illuminate\\Foundation\\Exceptions\\Handler->report(Object(ErrorException))
#7 C:\\xampp\\htdocs\\smf_techplatform_php_new\\vendor\\laravel\\framework\\src\\Illuminate\\Foundation\\Http\\Kernel.php(314): App\\Exceptions\\Handler->report(Object(ErrorException))
#8 C:\\xampp\\htdocs\\smf_techplatform_php_new\\vendor\\laravel\\framework\\src\\Illuminate\\Foundation\\Http\\Kernel.php(118): Illuminate\\Foundation\\Http\\Kernel->reportException(Object(ErrorException))
#9 C:\\xampp\\htdocs\\smf_techplatform_php_new\\public\\index.php(55): Illuminate\\Foundation\\Http\\Kernel->handle(Object(Illuminate\\Http\\Request))
#10 {main}
"} 
[2019-07-19 06:58:08] laravel.EMERGENCY: Unable to create configured logger. Using emergency logger. {"exception":"[object] (ErrorException(code: 0): Undefined index: handler at C:\\xampp\\htdocs\\smf_techplatform_php_new\\vendor\\laravel\\framework\\src\\Illuminate\\Log\\LogManager.php:326)
[stacktrace]
#0 C:\\xampp\\htdocs\\smf_techplatform_php_new\\vendor\\laravel\\framework\\src\\Illuminate\\Log\\LogManager.php(326): Illuminate\\Foundation\\Bootstrap\\HandleExceptions->handleError(8, 'Undefined index...', 'C:\\\\xampp\\\\htdocs...', 326, Array)
#1 C:\\xampp\\htdocs\\smf_techplatform_php_new\\vendor\\laravel\\framework\\src\\Illuminate\\Log\\LogManager.php(178): Illuminate\\Log\\LogManager->createMonologDriver(Array)
#2 C:\\xampp\\htdocs\\smf_techplatform_php_new\\vendor\\laravel\\framework\\src\\Illuminate\\Log\\LogManager.php(102): Illuminate\\Log\\LogManager->resolve('monolog')
#3 C:\\xampp\\htdocs\\smf_techplatform_php_new\\vendor\\laravel\\framework\\src\\Illuminate\\Log\\LogManager.php(90): Illuminate\\Log\\LogManager->get('monolog')
#4 C:\\xampp\\htdocs\\smf_techplatform_php_new\\vendor\\laravel\\framework\\src\\Illuminate\\Log\\LogManager.php(498): Illuminate\\Log\\LogManager->driver()
#5 C:\\xampp\\htdocs\\smf_techplatform_php_new\\vendor\\laravel\\framework\\src\\Illuminate\\Foundation\\Exceptions\\Handler.php(114): Illuminate\\Log\\LogManager->error('Undefined index...', Array)
#6 C:\\xampp\\htdocs\\smf_techplatform_php_new\\app\\Exceptions\\Handler.php(37): Illuminate\\Foundation\\Exceptions\\Handler->report(Object(ErrorException))
#7 C:\\xampp\\htdocs\\smf_techplatform_php_new\\vendor\\laravel\\framework\\src\\Illuminate\\Foundation\\Http\\Kernel.php(314): App\\Exceptions\\Handler->report(Object(ErrorException))
#8 C:\\xampp\\htdocs\\smf_techplatform_php_new\\vendor\\laravel\\framework\\src\\Illuminate\\Foundation\\Http\\Kernel.php(118): Illuminate\\Foundation\\Http\\Kernel->reportException(Object(ErrorException))
#9 C:\\xampp\\htdocs\\smf_techplatform_php_new\\public\\index.php(55): Illuminate\\Foundation\\Http\\Kernel->handle(Object(Illuminate\\Http\\Request))
#10 {main}
"} 
[2019-07-19 06:58:08] laravel.ERROR: Undefined index: host {"exception":"[object] (ErrorException(code: 0): Undefined index: host at C:\\xampp\\htdocs\\smf_techplatform_php_new\\vendor\\jenssegers\\mongodb\\src\\Jenssegers\\Mongodb\\Connection.php:191)
[stacktrace]
#0 C:\\xampp\\htdocs\\smf_techplatform_php_new\\vendor\\jenssegers\\mongodb\\src\\Jenssegers\\Mongodb\\Connection.php(191): Illuminate\\Foundation\\Bootstrap\\HandleExceptions->handleError(8, 'Undefined index...', 'C:\\\\xampp\\\\htdocs...', 191, Array)
#1 C:\\xampp\\htdocs\\smf_techplatform_php_new\\vendor\\jenssegers\\mongodb\\src\\Jenssegers\\Mongodb\\Connection.php(216): Jenssegers\\Mongodb\\Connection->getHostDsn(Array)
#2 C:\\xampp\\htdocs\\smf_techplatform_php_new\\vendor\\jenssegers\\mongodb\\src\\Jenssegers\\Mongodb\\Connection.php(35): Jenssegers\\Mongodb\\Connection->getDsn(Array)
#3 C:\\xampp\\htdocs\\smf_techplatform_php_new\\vendor\\jenssegers\\mongodb\\src\\Jenssegers\\Mongodb\\MongodbServiceProvider.php(30): Jenssegers\\Mongodb\\Connection->__construct(Array)
#4 [internal function]: Jenssegers\\Mongodb\\MongodbServiceProvider->Jenssegers\\Mongodb\\{closure}(Array, 'mongodb')
#5 C:\\xampp\\htdocs\\smf_techplatform_php_new\\vendor\\laravel\\framework\\src\\Illuminate\\Database\\DatabaseManager.php(109): call_user_func(Object(Closure), Array, 'mongodb')
#6 C:\\xampp\\htdocs\\smf_techplatform_php_new\\vendor\\laravel\\framework\\src\\Illuminate\\Database\\DatabaseManager.php(74): Illuminate\\Database\\DatabaseManager->makeConnection('mongodb')
#7 C:\\xampp\\htdocs\\smf_techplatform_php_new\\vendor\\laravel\\framework\\src\\Illuminate\\Database\\Eloquent\\Model.php(1239): Illuminate\\Database\\DatabaseManager->connection('mongodb')
#8 C:\\xampp\\htdocs\\smf_techplatform_php_new\\vendor\\laravel\\framework\\src\\Illuminate\\Database\\Eloquent\\Model.php(1205): Illuminate\\Database\\Eloquent\\Model::resolveConnection(NULL)
#9 C:\\xampp\\htdocs\\smf_techplatform_php_new\\vendor\\jenssegers\\mongodb\\src\\Jenssegers\\Mongodb\\Eloquent\\Model.php(419): Illuminate\\Database\\Eloquent\\Model->getConnection()
#10 C:\\xampp\\htdocs\\smf_techplatform_php_new\\vendor\\laravel\\framework\\src\\Illuminate\\Database\\Eloquent\\Model.php(952): Jenssegers\\Mongodb\\Eloquent\\Model->newBaseQueryBuilder()
#11 C:\\xampp\\htdocs\\smf_techplatform_php_new\\vendor\\laravel\\framework\\src\\Illuminate\\Database\\Eloquent\\Model.php(988): Illuminate\\Database\\Eloquent\\Model->newModelQuery()
#12 C:\\xampp\\htdocs\\smf_techplatform_php_new\\vendor\\laravel\\framework\\src\\Illuminate\\Database\\Eloquent\\Model.php(941): Illuminate\\Database\\Eloquent\\Model->newQueryWithoutScopes()
#13 C:\\xampp\\htdocs\\smf_techplatform_php_new\\vendor\\laravel\\framework\\src\\Illuminate\\Database\\Eloquent\\Model.php(473): Illuminate\\Database\\Eloquent\\Model->newQuery()
#14 C:\\xampp\\htdocs\\smf_techplatform_php_new\\vendor\\mostafamaklad\\laravel-permission-mongodb\\src\\PermissionRegistrar.php(77): Illuminate\\Database\\Eloquent\\Model::with('roles')
#15 C:\\xampp\\htdocs\\smf_techplatform_php_new\\vendor\\laravel\\framework\\src\\Illuminate\\Cache\\Repository.php(340): Maklad\\Permission\\PermissionRegistrar->Maklad\\Permission\\{closure}()
#16 C:\\xampp\\htdocs\\smf_techplatform_php_new\\vendor\\mostafamaklad\\laravel-permission-mongodb\\src\\PermissionRegistrar.php(78): Illuminate\\Cache\\Repository->remember('maklad.permissi...', 1440, Object(Closure))
#17 C:\\xampp\\htdocs\\smf_techplatform_php_new\\vendor\\mostafamaklad\\laravel-permission-mongodb\\src\\PermissionRegistrar.php(52): Maklad\\Permission\\PermissionRegistrar->getPermissions()
#18 C:\\xampp\\htdocs\\smf_techplatform_php_new\\vendor\\mostafamaklad\\laravel-permission-mongodb\\src\\PermissionServiceProvider.php(43): Maklad\\Permission\\PermissionRegistrar->registerPermissions()
#19 [internal function]: Maklad\\Permission\\PermissionServiceProvider->boot(Object(Maklad\\Permission\\PermissionRegistrar))
#20 C:\\xampp\\htdocs\\smf_techplatform_php_new\\vendor\\laravel\\framework\\src\\Illuminate\\Container\\BoundMethod.php(29): call_user_func_array(Array, Array)
#21 C:\\xampp\\htdocs\\smf_techplatform_php_new\\vendor\\laravel\\framework\\src\\Illuminate\\Container\\BoundMethod.php(87): Illuminate\\Container\\BoundMethod::Illuminate\\Container\\{closure}()
#22 C:\\xampp\\htdocs\\smf_techplatform_php_new\\vendor\\laravel\\framework\\src\\Illuminate\\Container\\BoundMethod.php(31): Illuminate\\Container\\BoundMethod::callBoundMethod(Object(Illuminate\\Foundation\\Application), Array, Object(Closure))
#23 C:\\xampp\\htdocs\\smf_techplatform_php_new\\vendor\\laravel\\framework\\src\\Illuminate\\Container\\Container.php(572): Illuminate\\Container\\BoundMethod::call(Object(Illuminate\\Foundation\\Application), Array, Array, NULL)
#24 C:\\xampp\\htdocs\\smf_techplatform_php_new\\vendor\\laravel\\framework\\src\\Illuminate\\Foundation\\Application.php(819): Illuminate\\Container\\Container->call(Array)
#25 C:\\xampp\\htdocs\\smf_techplatform_php_new\\vendor\\laravel\\framework\\src\\Illuminate\\Foundation\\Application.php(802): Illuminate\\Foundation\\Application->bootProvider(Object(Maklad\\Permission\\PermissionServiceProvider))
#26 [internal function]: Illuminate\\Foundation\\Application->Illuminate\\Foundation\\{closure}(Object(Maklad\\Permission\\PermissionServiceProvider), 22)
#27 C:\\xampp\\htdocs\\smf_techplatform_php_new\\vendor\\laravel\\framework\\src\\Illuminate\\Foundation\\Application.php(803): array_walk(Array, Object(Closure))
#28 C:\\xampp\\htdocs\\smf_techplatform_php_new\\vendor\\laravel\\framework\\src\\Illuminate\\Foundation\\Bootstrap\\BootProviders.php(17): Illuminate\\Foundation\\Application->boot()
#29 C:\\xampp\\htdocs\\smf_techplatform_php_new\\vendor\\laravel\\framework\\src\\Illuminate\\Foundation\\Application.php(211): Illuminate\\Foundation\\Bootstrap\\BootProviders->bootstrap(Object(Illuminate\\Foundation\\Application))
#30 C:\\xampp\\htdocs\\smf_techplatform_php_new\\vendor\\laravel\\framework\\src\\Illuminate\\Foundation\\Http\\Kernel.php(162): Illuminate\\Foundation\\Application->bootstrapWith(Array)
#31 C:\\xampp\\htdocs\\smf_techplatform_php_new\\vendor\\laravel\\framework\\src\\Illuminate\\Foundation\\Http\\Kernel.php(146): Illuminate\\Foundation\\Http\\Kernel->bootstrap()
#32 C:\\xampp\\htdocs\\smf_techplatform_php_new\\vendor\\laravel\\framework\\src\\Illuminate\\Foundation\\Http\\Kernel.php(116): Illuminate\\Foundation\\Http\\Kernel->sendRequestThroughRouter(Object(Illuminate\\Http\\Request))
#33 C:\\xampp\\htdocs\\smf_techplatform_php_new\\public\\index.php(55): Illuminate\\Foundation\\Http\\Kernel->handle(Object(Illuminate\\Http\\Request))
#34 {main}
"} 
