[2019-07-19 06:42:11] name.INFO: {"_token":"nINpvgSKYfQaGNqKgU7z8227dWMI8UAiKLyB7MEo","name":{"default":"Dashboard","hi":"Dashboard","mr":"Dashboard"},"categoryType":"Form"} [] []
[2019-07-19 06:45:10] name.INFO: {"_token":"nINpvgSKYfQaGNqKgU7z8227dWMI8UAiKLyB7MEo","name":{"default":"Dashboard","hi":"Dashboard","mr":"Dashboard"},"categoryType":"Form"} [] []
[2019-07-19 06:52:46] name.INFO: {"_token":"nINpvgSKYfQaGNqKgU7z8227dWMI8UAiKLyB7MEo","name":{"default":"Dashboard","hi":"Dashboard","mr":"Dashboard"},"categoryType":"Form"} [] []
[2019-07-19 06:56:55] name.INFO: {"_token":"nINpvgSKYfQaGNqKgU7z8227dWMI8UAiKLyB7MEo","name":{"default":"Dashboard","hi":"Dashboard","mr":"Dashboard"},"categoryType":"Form"} [] []
[2019-07-19 07:01:22] name.INFO: {"_token":"nINpvgSKYfQaGNqKgU7z8227dWMI8UAiKLyB7MEo","name":{"default":"Dashboard","hi":"Dashboard","mr":"Dashboard"},"categoryType":"Form"} [] []
[2019-07-19 07:07:07] name.INFO: {"_token":"nINpvgSKYfQaGNqKgU7z8227dWMI8UAiKLyB7MEo","name":{"default":"Dashboard","hi":"Dashboard","mr":"Dashboard"},"categoryType":"Form"} [] []
[2019-07-19 07:12:49] name.INFO: {"_token":"nINpvgSKYfQaGNqKgU7z8227dWMI8UAiKLyB7MEo","name":{"default":"Dashboard","hi":"Dashboard","mr":"Dashboard"},"categoryType":"Form"} [] []
[2019-07-19 09:55:09] name.INFO: {"_token":"mw0K2hVM8Qg0W6MOh7whbGrsNQtG39aGb0x8AV7V","name":{"default":"Dashboard","hi":"Dashboard","mr":"Dashboard"},"categoryType":"Form"} [] []
[2019-07-19 09:56:41] name.INFO: {"_token":"mw0K2hVM8Qg0W6MOh7whbGrsNQtG39aGb0x8AV7V","name":{"default":"Dashboard","hi":"Dashboard","mr":"Dashboard"},"categoryType":"Form"} [] []
[2019-07-19 09:56:41] name.INFO: {"_token":"mw0K2hVM8Qg0W6MOh7whbGrsNQtG39aGb0x8AV7V","name":{"default":"Dashboard","hi":"Dashboard","mr":"Dashboard"},"categoryType":"Form"} [] []
[2019-07-19 10:10:28] name.INFO: {"_token":"mw0K2hVM8Qg0W6MOh7whbGrsNQtG39aGb0x8AV7V","name":{"default":"Dashboard","hi":"Dashboard","mr":"Dashboard"},"categoryType":"Form"} [] []
[2019-07-19 10:14:29] name.INFO: {"_token":"mw0K2hVM8Qg0W6MOh7whbGrsNQtG39aGb0x8AV7V","name":{"default":"Dashboard","hi":"Dashboard","mr":"Dashboard"},"categoryType":"Form"} [] []
[2019-07-19 10:14:29] name.ERROR: {"status":"error","data":{"_token":"mw0K2hVM8Qg0W6MOh7whbGrsNQtG39aGb0x8AV7V","name":{"default":"Dashboard","hi":"Dashboard","mr":"Dashboard"},"categoryType":"Form"},"msg":"Please enter default value","code":400} [] []
[2019-07-19 10:30:39] name.INFO: {"_token":"mw0K2hVM8Qg0W6MOh7whbGrsNQtG39aGb0x8AV7V","name":{"default":"Dashboard","hi":"Dashboard","mr":"Dashboard"},"categoryType":"Form"} [] []
[2019-07-19 10:48:15] name.INFO: {"_token":"mw0K2hVM8Qg0W6MOh7whbGrsNQtG39aGb0x8AV7V","name":{"default":"Dashboard","hi":"Dashboard","mr":"Dashboard"},"categoryType":"Form"} [] []
[2019-07-19 10:53:59] name.INFO: {"_token":"mw0K2hVM8Qg0W6MOh7whbGrsNQtG39aGb0x8AV7V","name":{"default":"Dashboard","hi":"Dashboard","mr":"Dashboard"},"categoryType":"Form"} [] []
[2019-07-19 10:53:59] name.INFO: {"status":"success","data":{"_token":"mw0K2hVM8Qg0W6MOh7whbGrsNQtG39aGb0x8AV7V","name":{"default":"Dashboard","hi":"Dashboard","mr":"Dashboard"},"categoryType":"Form"},"msg":"Category created successfully","code":200} [] []
[2019-07-19 10:55:11] name.INFO: {"_token":"mw0K2hVM8Qg0W6MOh7whbGrsNQtG39aGb0x8AV7V","name":{"default":"Dashboard","hi":"Dashboard","mr":"Dashboard"},"categoryType":"Form"} [] []
[2019-07-19 10:55:11] name.ERROR: {"status":"error","data":{"_token":"mw0K2hVM8Qg0W6MOh7whbGrsNQtG39aGb0x8AV7V","name":{"default":"Dashboard","hi":"Dashboard","mr":"Dashboard"},"categoryType":"Form"},"msg":"Defualt value already exist .","code":400} [] []
[2019-07-19 11:00:50] name.INFO: {"_token":"mw0K2hVM8Qg0W6MOh7whbGrsNQtG39aGb0x8AV7V","name":{"default":"Dashboard","hi":"Dashboard","mr":"Dashboard"},"categoryType":"Form"} [] []
[2019-07-19 11:00:50] name.ERROR: {"status":"error","data":{"_token":"mw0K2hVM8Qg0W6MOh7whbGrsNQtG39aGb0x8AV7V","name":{"default":"Dashboard","hi":"Dashboard","mr":"Dashboard"},"categoryType":"Form"},"msg":"Defualt value already exist .","code":400} [] []
[2019-07-19 11:04:37] name.INFO: {"_token":"mw0K2hVM8Qg0W6MOh7whbGrsNQtG39aGb0x8AV7V","name":{"default":"Dashboard","hi":"Dashboard","mr":"xczxc"},"categoryType":"Form"} [] []
[2019-07-19 11:04:37] name.ERROR: {"status":"error","data":{"_token":"mw0K2hVM8Qg0W6MOh7whbGrsNQtG39aGb0x8AV7V","name":{"default":"Dashboard","hi":"Dashboard","mr":"xczxc"},"categoryType":"Form"},"msg":"Defualt value already exist .","code":400} [] []
